[0.598s] Invoking command in '/home/ros_dev/workspace/track': PYTHONPATH=/home/ros_dev/workspace/track/build/track/prefix_override:/usr/lib/python3/dist-packages/colcon_core/task/python/colcon_distutils_commands:/home/ros_dev/workspace/track/install/track/lib/python3.10/site-packages:${PYTHONPATH} /usr/bin/python3 -W ignore:setup.py install is deprecated setup.py egg_info --egg-base build/track build --build-base /home/ros_dev/workspace/track/build/track/build install --record /home/ros_dev/workspace/track/build/track/install.log --single-version-externally-managed install_data
[0.815s] running egg_info
[0.815s] writing build/track/track.egg-info/PKG-INFO
[0.815s] writing dependency_links to build/track/track.egg-info/dependency_links.txt
[0.816s] writing entry points to build/track/track.egg-info/entry_points.txt
[0.816s] writing requirements to build/track/track.egg-info/requires.txt
[0.816s] writing top-level names to build/track/track.egg-info/top_level.txt
[0.819s] reading manifest file 'build/track/track.egg-info/SOURCES.txt'
[0.824s] writing manifest file 'build/track/track.egg-info/SOURCES.txt'
[0.824s] running build
[0.824s] running build_py
[0.824s] running install
[0.824s] running install_lib
[0.826s] running install_data
[0.826s] running install_egg_info
[0.829s] removing '/home/ros_dev/workspace/track/install/track/lib/python3.10/site-packages/track-0.0.0-py3.10.egg-info' (and everything under it)
[0.829s] Copying build/track/track.egg-info to /home/ros_dev/workspace/track/install/track/lib/python3.10/site-packages/track-0.0.0-py3.10.egg-info
[0.830s] running install_scripts
[0.848s] Installing bytetrack script to /home/ros_dev/workspace/track/install/track/lib/track
[0.848s] Installing test = track.test:maintrack_point_sub = track.track_point_sub:maintrans_depth script to /home/ros_dev/workspace/track/install/track/lib/track
[0.848s] writing list of installed files to '/home/ros_dev/workspace/track/build/track/install.log'
[0.866s] Invoked command in '/home/ros_dev/workspace/track' returned '0': PYTHONPATH=/home/ros_dev/workspace/track/build/track/prefix_override:/usr/lib/python3/dist-packages/colcon_core/task/python/colcon_distutils_commands:/home/ros_dev/workspace/track/install/track/lib/python3.10/site-packages:${PYTHONPATH} /usr/bin/python3 -W ignore:setup.py install is deprecated setup.py egg_info --egg-base build/track build --build-base /home/ros_dev/workspace/track/build/track/build install --record /home/ros_dev/workspace/track/build/track/install.log --single-version-externally-managed install_data
