[0.534s] Invoking command in '/home/ros_dev/workspace/track': PYTHONPATH=/home/ros_dev/workspace/track/build/track/prefix_override:/usr/lib/python3/dist-packages/colcon_core/task/python/colcon_distutils_commands:/home/ros_dev/workspace/track/install/track/lib/python3.10/site-packages:${PYTHONPATH} /usr/bin/python3 -W ignore:setup.py install is deprecated setup.py egg_info --egg-base build/track build --build-base /home/ros_dev/workspace/track/build/track/build install --record /home/ros_dev/workspace/track/build/track/install.log --single-version-externally-managed install_data
[0.682s] /home/ros_dev/.local/lib/python3.10/site-packages/setuptools_scm/_integration/setuptools.py:31: RuntimeWarning: 
[0.682s] ERROR: setuptools==59.6.0 is used in combination with setuptools_scm>=8.x
[0.682s] 
[0.682s] Your build configuration is incomplete and previously worked by accident!
[0.682s] setuptools_scm requires setuptools>=61
[0.682s] 
[0.682s] Suggested workaround if applicable:
[0.682s]  - migrating from the deprecated setup_requires mechanism to pep517/518
[0.682s]    and using a pyproject.toml to declare build dependencies
[0.682s]    which are reliably pre-installed before running the build tools
[0.683s] 
[0.683s]   warnings.warn(
[0.695s] running egg_info
[0.695s] writing build/track/track.egg-info/PKG-INFO
[0.695s] writing dependency_links to build/track/track.egg-info/dependency_links.txt
[0.695s] writing entry points to build/track/track.egg-info/entry_points.txt
[0.695s] writing requirements to build/track/track.egg-info/requires.txt
[0.695s] writing top-level names to build/track/track.egg-info/top_level.txt
[0.725s] ERROR setuptools_scm._file_finders.git listing git files failed - pretending there aren't any
[0.726s] reading manifest file 'build/track/track.egg-info/SOURCES.txt'
[0.727s] writing manifest file 'build/track/track.egg-info/SOURCES.txt'
[0.727s] running build
[0.727s] running build_py
[0.727s] copying track/track_point_sub.py -> /home/ros_dev/workspace/track/build/track/build/lib/track
[0.727s] copying track/bytetrack.py -> /home/ros_dev/workspace/track/build/track/build/lib/track
[0.728s] running install
[0.728s] running install_lib
[0.728s] copying /home/ros_dev/workspace/track/build/track/build/lib/track/track_point_sub.py -> /home/ros_dev/workspace/track/install/track/lib/python3.10/site-packages/track
[0.729s] copying /home/ros_dev/workspace/track/build/track/build/lib/track/bytetrack.py -> /home/ros_dev/workspace/track/install/track/lib/python3.10/site-packages/track
[0.729s] byte-compiling /home/ros_dev/workspace/track/install/track/lib/python3.10/site-packages/track/track_point_sub.py to track_point_sub.cpython-310.pyc
[0.730s] byte-compiling /home/ros_dev/workspace/track/install/track/lib/python3.10/site-packages/track/bytetrack.py to bytetrack.cpython-310.pyc
[0.731s] running install_data
[0.731s] running install_egg_info
[0.732s] removing '/home/ros_dev/workspace/track/install/track/lib/python3.10/site-packages/track-0.0.0-py3.10.egg-info' (and everything under it)
[0.732s] Copying build/track/track.egg-info to /home/ros_dev/workspace/track/install/track/lib/python3.10/site-packages/track-0.0.0-py3.10.egg-info
[0.732s] running install_scripts
[0.746s] Installing bytetrack script to /home/ros_dev/workspace/track/install/track/lib/track
[0.746s] Installing track_point_sub script to /home/ros_dev/workspace/track/install/track/lib/track
[0.746s] writing list of installed files to '/home/ros_dev/workspace/track/build/track/install.log'
[0.764s] Invoked command in '/home/ros_dev/workspace/track' returned '0': PYTHONPATH=/home/ros_dev/workspace/track/build/track/prefix_override:/usr/lib/python3/dist-packages/colcon_core/task/python/colcon_distutils_commands:/home/ros_dev/workspace/track/install/track/lib/python3.10/site-packages:${PYTHONPATH} /usr/bin/python3 -W ignore:setup.py install is deprecated setup.py egg_info --egg-base build/track build --build-base /home/ros_dev/workspace/track/build/track/build install --record /home/ros_dev/workspace/track/build/track/install.log --single-version-externally-managed install_data
