[0.453s] Invoking command in '/home/ros_dev/workspace/track': PYTHONPATH=/home/ros_dev/workspace/track/build/track/prefix_override:/usr/lib/python3/dist-packages/colcon_core/task/python/colcon_distutils_commands:/home/ros_dev/workspace/track/install/track/lib/python3.10/site-packages:${PYTHONPATH} /usr/bin/python3 -W ignore:setup.py install is deprecated setup.py egg_info --egg-base build/track build --build-base /home/ros_dev/workspace/track/build/track/build install --record /home/ros_dev/workspace/track/build/track/install.log --single-version-externally-managed install_data
[0.626s] running egg_info
[0.627s] writing build/track/track.egg-info/PKG-INFO
[0.627s] writing dependency_links to build/track/track.egg-info/dependency_links.txt
[0.627s] writing entry points to build/track/track.egg-info/entry_points.txt
[0.627s] writing requirements to build/track/track.egg-info/requires.txt
[0.627s] writing top-level names to build/track/track.egg-info/top_level.txt
[0.628s] reading manifest file 'build/track/track.egg-info/SOURCES.txt'
[0.630s] writing manifest file 'build/track/track.egg-info/SOURCES.txt'
[0.630s] running build
[0.630s] running build_py
[0.630s] copying track/bytetrack.py -> /home/ros_dev/workspace/track/build/track/build/lib/track
[0.631s] running install
[0.631s] running install_lib
[0.632s] copying /home/ros_dev/workspace/track/build/track/build/lib/track/bytetrack.py -> /home/ros_dev/workspace/track/install/track/lib/python3.10/site-packages/track
[0.633s] byte-compiling /home/ros_dev/workspace/track/install/track/lib/python3.10/site-packages/track/bytetrack.py to bytetrack.cpython-310.pyc
[0.636s] running install_data
[0.636s] running install_egg_info
[0.637s] removing '/home/ros_dev/workspace/track/install/track/lib/python3.10/site-packages/track-0.0.0-py3.10.egg-info' (and everything under it)
[0.638s] Copying build/track/track.egg-info to /home/ros_dev/workspace/track/install/track/lib/python3.10/site-packages/track-0.0.0-py3.10.egg-info
[0.639s] running install_scripts
[0.656s] Installing bytetrack script to /home/ros_dev/workspace/track/install/track/lib/track
[0.656s] Installing test script to /home/ros_dev/workspace/track/install/track/lib/track
[0.656s] Installing track_point_sub script to /home/ros_dev/workspace/track/install/track/lib/track
[0.656s] Installing trans_depth script to /home/ros_dev/workspace/track/install/track/lib/track
[0.656s] writing list of installed files to '/home/ros_dev/workspace/track/build/track/install.log'
[0.679s] Invoked command in '/home/ros_dev/workspace/track' returned '0': PYTHONPATH=/home/ros_dev/workspace/track/build/track/prefix_override:/usr/lib/python3/dist-packages/colcon_core/task/python/colcon_distutils_commands:/home/ros_dev/workspace/track/install/track/lib/python3.10/site-packages:${PYTHONPATH} /usr/bin/python3 -W ignore:setup.py install is deprecated setup.py egg_info --egg-base build/track build --build-base /home/ros_dev/workspace/track/build/track/build install --record /home/ros_dev/workspace/track/build/track/install.log --single-version-externally-managed install_data
