running egg_info
creating build/track/track.egg-info
writing build/track/track.egg-info/PKG-INFO
writing dependency_links to build/track/track.egg-info/dependency_links.txt
writing entry points to build/track/track.egg-info/entry_points.txt
writing requirements to build/track/track.egg-info/requires.txt
writing top-level names to build/track/track.egg-info/top_level.txt
writing manifest file 'build/track/track.egg-info/SOURCES.txt'
reading manifest file 'build/track/track.egg-info/SOURCES.txt'
writing manifest file 'build/track/track.egg-info/SOURCES.txt'
running build
running build_py
creating /home/ros_dev/workspace/track/build/track/build
creating /home/ros_dev/workspace/track/build/track/build/lib
creating /home/ros_dev/workspace/track/build/track/build/lib/track
copying track/matching.py -> /home/ros_dev/workspace/track/build/track/build/lib/track
copying track/byte_tracker.py -> /home/ros_dev/workspace/track/build/track/build/lib/track
copying track/kalman_filter.py -> /home/ros_dev/workspace/track/build/track/build/lib/track
copying track/basetrack.py -> /home/ros_dev/workspace/track/build/track/build/lib/track
copying track/recognize.py -> /home/ros_dev/workspace/track/build/track/build/lib/track
copying track/track.py -> /home/ros_dev/workspace/track/build/track/build/lib/track
copying track/bytetrack.py -> /home/ros_dev/workspace/track/build/track/build/lib/track
copying track/__init__.py -> /home/ros_dev/workspace/track/build/track/build/lib/track
copying track/detect.py -> /home/ros_dev/workspace/track/build/track/build/lib/track
running install
running install_lib
creating /home/ros_dev/workspace/track/install/track/lib/python3.10/site-packages/track
copying /home/ros_dev/workspace/track/build/track/build/lib/track/matching.py -> /home/ros_dev/workspace/track/install/track/lib/python3.10/site-packages/track
copying /home/ros_dev/workspace/track/build/track/build/lib/track/byte_tracker.py -> /home/ros_dev/workspace/track/install/track/lib/python3.10/site-packages/track
copying /home/ros_dev/workspace/track/build/track/build/lib/track/kalman_filter.py -> /home/ros_dev/workspace/track/install/track/lib/python3.10/site-packages/track
copying /home/ros_dev/workspace/track/build/track/build/lib/track/basetrack.py -> /home/ros_dev/workspace/track/install/track/lib/python3.10/site-packages/track
copying /home/ros_dev/workspace/track/build/track/build/lib/track/recognize.py -> /home/ros_dev/workspace/track/install/track/lib/python3.10/site-packages/track
copying /home/ros_dev/workspace/track/build/track/build/lib/track/track.py -> /home/ros_dev/workspace/track/install/track/lib/python3.10/site-packages/track
copying /home/ros_dev/workspace/track/build/track/build/lib/track/bytetrack.py -> /home/ros_dev/workspace/track/install/track/lib/python3.10/site-packages/track
copying /home/ros_dev/workspace/track/build/track/build/lib/track/__init__.py -> /home/ros_dev/workspace/track/install/track/lib/python3.10/site-packages/track
copying /home/ros_dev/workspace/track/build/track/build/lib/track/detect.py -> /home/ros_dev/workspace/track/install/track/lib/python3.10/site-packages/track
byte-compiling /home/ros_dev/workspace/track/install/track/lib/python3.10/site-packages/track/matching.py to matching.cpython-310.pyc
byte-compiling /home/ros_dev/workspace/track/install/track/lib/python3.10/site-packages/track/byte_tracker.py to byte_tracker.cpython-310.pyc
byte-compiling /home/ros_dev/workspace/track/install/track/lib/python3.10/site-packages/track/kalman_filter.py to kalman_filter.cpython-310.pyc
byte-compiling /home/ros_dev/workspace/track/install/track/lib/python3.10/site-packages/track/basetrack.py to basetrack.cpython-310.pyc
byte-compiling /home/ros_dev/workspace/track/install/track/lib/python3.10/site-packages/track/recognize.py to recognize.cpython-310.pyc
byte-compiling /home/ros_dev/workspace/track/install/track/lib/python3.10/site-packages/track/track.py to track.cpython-310.pyc
byte-compiling /home/ros_dev/workspace/track/install/track/lib/python3.10/site-packages/track/bytetrack.py to bytetrack.cpython-310.pyc
byte-compiling /home/ros_dev/workspace/track/install/track/lib/python3.10/site-packages/track/__init__.py to __init__.cpython-310.pyc
byte-compiling /home/ros_dev/workspace/track/install/track/lib/python3.10/site-packages/track/detect.py to detect.cpython-310.pyc
running install_data
creating /home/ros_dev/workspace/track/install/track/share/ament_index
creating /home/ros_dev/workspace/track/install/track/share/ament_index/resource_index
creating /home/ros_dev/workspace/track/install/track/share/ament_index/resource_index/packages
copying resource/track -> /home/ros_dev/workspace/track/install/track/share/ament_index/resource_index/packages
copying package.xml -> /home/ros_dev/workspace/track/install/track/share/track
running install_egg_info
Copying build/track/track.egg-info to /home/ros_dev/workspace/track/install/track/lib/python3.10/site-packages/track-0.0.0-py3.10.egg-info
running install_scripts
Installing bytetrack script to /home/ros_dev/workspace/track/install/track/lib/track
writing list of installed files to '/home/ros_dev/workspace/track/build/track/install.log'
