[0.559s] Invoking command in '/home/ros_dev/workspace/track': PYTHONPATH=/home/ros_dev/workspace/track/build/track/prefix_override:/usr/lib/python3/dist-packages/colcon_core/task/python/colcon_distutils_commands:/home/ros_dev/workspace/track/install/track/lib/python3.10/site-packages:${PYTHONPATH} /usr/bin/python3 -W ignore:setup.py install is deprecated setup.py egg_info --egg-base build/track build --build-base /home/ros_dev/workspace/track/build/track/build install --record /home/ros_dev/workspace/track/build/track/install.log --single-version-externally-managed install_data
[0.750s] /home/ros_dev/.local/lib/python3.10/site-packages/setuptools_scm/_integration/setuptools.py:31: RuntimeWarning: 
[0.750s] ERROR: setuptools==59.6.0 is used in combination with setuptools_scm>=8.x
[0.750s] 
[0.750s] Your build configuration is incomplete and previously worked by accident!
[0.750s] setuptools_scm requires setuptools>=61
[0.750s] 
[0.750s] Suggested workaround if applicable:
[0.750s]  - migrating from the deprecated setup_requires mechanism to pep517/518
[0.750s]    and using a pyproject.toml to declare build dependencies
[0.750s]    which are reliably pre-installed before running the build tools
[0.750s] 
[0.750s]   warnings.warn(
[0.761s] running egg_info
[0.761s] creating build/track/track.egg-info
[0.761s] writing build/track/track.egg-info/PKG-INFO
[0.761s] writing dependency_links to build/track/track.egg-info/dependency_links.txt
[0.761s] writing entry points to build/track/track.egg-info/entry_points.txt
[0.761s] writing requirements to build/track/track.egg-info/requires.txt
[0.761s] writing top-level names to build/track/track.egg-info/top_level.txt
[0.761s] writing manifest file 'build/track/track.egg-info/SOURCES.txt'
[0.789s] ERROR setuptools_scm._file_finders.git listing git files failed - pretending there aren't any
[0.790s] reading manifest file 'build/track/track.egg-info/SOURCES.txt'
[0.791s] writing manifest file 'build/track/track.egg-info/SOURCES.txt'
[0.791s] running build
[0.791s] running build_py
[0.791s] creating /home/ros_dev/workspace/track/build/track/build
[0.791s] creating /home/ros_dev/workspace/track/build/track/build/lib
[0.791s] creating /home/ros_dev/workspace/track/build/track/build/lib/track
[0.791s] copying track/matching.py -> /home/ros_dev/workspace/track/build/track/build/lib/track
[0.791s] copying track/byte_tracker.py -> /home/ros_dev/workspace/track/build/track/build/lib/track
[0.791s] copying track/kalman_filter.py -> /home/ros_dev/workspace/track/build/track/build/lib/track
[0.792s] copying track/basetrack.py -> /home/ros_dev/workspace/track/build/track/build/lib/track
[0.792s] copying track/recognize.py -> /home/ros_dev/workspace/track/build/track/build/lib/track
[0.792s] copying track/track.py -> /home/ros_dev/workspace/track/build/track/build/lib/track
[0.792s] copying track/bytetrack.py -> /home/ros_dev/workspace/track/build/track/build/lib/track
[0.792s] copying track/__init__.py -> /home/ros_dev/workspace/track/build/track/build/lib/track
[0.792s] copying track/detect.py -> /home/ros_dev/workspace/track/build/track/build/lib/track
[0.792s] running install
[0.793s] running install_lib
[0.793s] creating /home/ros_dev/workspace/track/install/track/lib/python3.10/site-packages/track
[0.793s] copying /home/ros_dev/workspace/track/build/track/build/lib/track/matching.py -> /home/ros_dev/workspace/track/install/track/lib/python3.10/site-packages/track
[0.793s] copying /home/ros_dev/workspace/track/build/track/build/lib/track/byte_tracker.py -> /home/ros_dev/workspace/track/install/track/lib/python3.10/site-packages/track
[0.793s] copying /home/ros_dev/workspace/track/build/track/build/lib/track/kalman_filter.py -> /home/ros_dev/workspace/track/install/track/lib/python3.10/site-packages/track
[0.793s] copying /home/ros_dev/workspace/track/build/track/build/lib/track/basetrack.py -> /home/ros_dev/workspace/track/install/track/lib/python3.10/site-packages/track
[0.793s] copying /home/ros_dev/workspace/track/build/track/build/lib/track/recognize.py -> /home/ros_dev/workspace/track/install/track/lib/python3.10/site-packages/track
[0.793s] copying /home/ros_dev/workspace/track/build/track/build/lib/track/track.py -> /home/ros_dev/workspace/track/install/track/lib/python3.10/site-packages/track
[0.794s] copying /home/ros_dev/workspace/track/build/track/build/lib/track/bytetrack.py -> /home/ros_dev/workspace/track/install/track/lib/python3.10/site-packages/track
[0.794s] copying /home/ros_dev/workspace/track/build/track/build/lib/track/__init__.py -> /home/ros_dev/workspace/track/install/track/lib/python3.10/site-packages/track
[0.794s] copying /home/ros_dev/workspace/track/build/track/build/lib/track/detect.py -> /home/ros_dev/workspace/track/install/track/lib/python3.10/site-packages/track
[0.794s] byte-compiling /home/ros_dev/workspace/track/install/track/lib/python3.10/site-packages/track/matching.py to matching.cpython-310.pyc
[0.795s] byte-compiling /home/ros_dev/workspace/track/install/track/lib/python3.10/site-packages/track/byte_tracker.py to byte_tracker.cpython-310.pyc
[0.797s] byte-compiling /home/ros_dev/workspace/track/install/track/lib/python3.10/site-packages/track/kalman_filter.py to kalman_filter.cpython-310.pyc
[0.798s] byte-compiling /home/ros_dev/workspace/track/install/track/lib/python3.10/site-packages/track/basetrack.py to basetrack.cpython-310.pyc
[0.798s] byte-compiling /home/ros_dev/workspace/track/install/track/lib/python3.10/site-packages/track/recognize.py to recognize.cpython-310.pyc
[0.798s] byte-compiling /home/ros_dev/workspace/track/install/track/lib/python3.10/site-packages/track/track.py to track.cpython-310.pyc
[0.800s] byte-compiling /home/ros_dev/workspace/track/install/track/lib/python3.10/site-packages/track/bytetrack.py to bytetrack.cpython-310.pyc
[0.801s] byte-compiling /home/ros_dev/workspace/track/install/track/lib/python3.10/site-packages/track/__init__.py to __init__.cpython-310.pyc
[0.801s] byte-compiling /home/ros_dev/workspace/track/install/track/lib/python3.10/site-packages/track/detect.py to detect.cpython-310.pyc
[0.801s] running install_data
[0.801s] creating /home/ros_dev/workspace/track/install/track/share/ament_index
[0.801s] creating /home/ros_dev/workspace/track/install/track/share/ament_index/resource_index
[0.801s] creating /home/ros_dev/workspace/track/install/track/share/ament_index/resource_index/packages
[0.801s] copying resource/track -> /home/ros_dev/workspace/track/install/track/share/ament_index/resource_index/packages
[0.801s] copying package.xml -> /home/ros_dev/workspace/track/install/track/share/track
[0.801s] running install_egg_info
[0.802s] Copying build/track/track.egg-info to /home/ros_dev/workspace/track/install/track/lib/python3.10/site-packages/track-0.0.0-py3.10.egg-info
[0.802s] running install_scripts
[0.816s] Installing bytetrack script to /home/ros_dev/workspace/track/install/track/lib/track
[0.816s] writing list of installed files to '/home/ros_dev/workspace/track/build/track/install.log'
[0.833s] Invoked command in '/home/ros_dev/workspace/track' returned '0': PYTHONPATH=/home/ros_dev/workspace/track/build/track/prefix_override:/usr/lib/python3/dist-packages/colcon_core/task/python/colcon_distutils_commands:/home/ros_dev/workspace/track/install/track/lib/python3.10/site-packages:${PYTHONPATH} /usr/bin/python3 -W ignore:setup.py install is deprecated setup.py egg_info --egg-base build/track build --build-base /home/ros_dev/workspace/track/build/track/build install --record /home/ros_dev/workspace/track/build/track/install.log --single-version-externally-managed install_data
