[0.443s] Invoking command in '/home/ros_dev/workspace/track': PYTHONPATH=/home/ros_dev/workspace/track/build/track/prefix_override:/usr/lib/python3/dist-packages/colcon_core/task/python/colcon_distutils_commands:/home/ros_dev/workspace/track/install/track/lib/python3.10/site-packages:${PYTHONPATH} /usr/bin/python3 -W ignore:setup.py install is deprecated setup.py egg_info --egg-base build/track build --build-base /home/ros_dev/workspace/track/build/track/build install --record /home/ros_dev/workspace/track/build/track/install.log --single-version-externally-managed install_data
[0.615s] running egg_info
[0.616s] writing build/track/track.egg-info/PKG-INFO
[0.616s] writing dependency_links to build/track/track.egg-info/dependency_links.txt
[0.616s] writing entry points to build/track/track.egg-info/entry_points.txt
[0.616s] writing requirements to build/track/track.egg-info/requires.txt
[0.616s] writing top-level names to build/track/track.egg-info/top_level.txt
[0.617s] reading manifest file 'build/track/track.egg-info/SOURCES.txt'
[0.619s] writing manifest file 'build/track/track.egg-info/SOURCES.txt'
[0.619s] running build
[0.619s] running build_py
[0.620s] copying track/depth.py -> /home/ros_dev/workspace/track/build/track/build/lib/track
[0.620s] running install
[0.620s] running install_lib
[0.621s] copying /home/ros_dev/workspace/track/build/track/build/lib/track/depth.py -> /home/ros_dev/workspace/track/install/track/lib/python3.10/site-packages/track
[0.621s] byte-compiling /home/ros_dev/workspace/track/install/track/lib/python3.10/site-packages/track/depth.py to depth.cpython-310.pyc
[0.622s] running install_data
[0.622s] running install_egg_info
[0.623s] removing '/home/ros_dev/workspace/track/install/track/lib/python3.10/site-packages/track-0.0.0-py3.10.egg-info' (and everything under it)
[0.623s] Copying build/track/track.egg-info to /home/ros_dev/workspace/track/install/track/lib/python3.10/site-packages/track-0.0.0-py3.10.egg-info
[0.624s] running install_scripts
[0.639s] Installing bytetrack script to /home/ros_dev/workspace/track/install/track/lib/track
[0.639s] Installing test script to /home/ros_dev/workspace/track/install/track/lib/track
[0.640s] Installing track_point_sub script to /home/ros_dev/workspace/track/install/track/lib/track
[0.640s] Installing trans_depth script to /home/ros_dev/workspace/track/install/track/lib/track
[0.640s] writing list of installed files to '/home/ros_dev/workspace/track/build/track/install.log'
[0.658s] Invoked command in '/home/ros_dev/workspace/track' returned '0': PYTHONPATH=/home/ros_dev/workspace/track/build/track/prefix_override:/usr/lib/python3/dist-packages/colcon_core/task/python/colcon_distutils_commands:/home/ros_dev/workspace/track/install/track/lib/python3.10/site-packages:${PYTHONPATH} /usr/bin/python3 -W ignore:setup.py install is deprecated setup.py egg_info --egg-base build/track build --build-base /home/ros_dev/workspace/track/build/track/build install --record /home/ros_dev/workspace/track/build/track/install.log --single-version-externally-managed install_data
