[0.425s] Invoking command in '/home/ros_dev/workspace/track': PYTHONPATH=/home/ros_dev/workspace/track/build/track/prefix_override:/usr/lib/python3/dist-packages/colcon_core/task/python/colcon_distutils_commands:/home/ros_dev/workspace/track/install/track/lib/python3.10/site-packages:${PYTHONPATH} /usr/bin/python3 -W ignore:setup.py install is deprecated setup.py egg_info --egg-base build/track build --build-base /home/ros_dev/workspace/track/build/track/build install --record /home/ros_dev/workspace/track/build/track/install.log --single-version-externally-managed install_data
[0.583s] running egg_info
[0.583s] writing build/track/track.egg-info/PKG-INFO
[0.583s] writing dependency_links to build/track/track.egg-info/dependency_links.txt
[0.583s] writing entry points to build/track/track.egg-info/entry_points.txt
[0.583s] writing requirements to build/track/track.egg-info/requires.txt
[0.583s] writing top-level names to build/track/track.egg-info/top_level.txt
[0.585s] reading manifest file 'build/track/track.egg-info/SOURCES.txt'
[0.586s] writing manifest file 'build/track/track.egg-info/SOURCES.txt'
[0.586s] running build
[0.587s] running build_py
[0.587s] copying track/depth.py -> /home/ros_dev/workspace/track/build/track/build/lib/track
[0.587s] running install
[0.587s] running install_lib
[0.588s] copying /home/ros_dev/workspace/track/build/track/build/lib/track/depth.py -> /home/ros_dev/workspace/track/install/track/lib/python3.10/site-packages/track
[0.589s] byte-compiling /home/ros_dev/workspace/track/install/track/lib/python3.10/site-packages/track/depth.py to depth.cpython-310.pyc
[0.589s] running install_data
[0.589s] running install_egg_info
[0.590s] removing '/home/ros_dev/workspace/track/install/track/lib/python3.10/site-packages/track-0.0.0-py3.10.egg-info' (and everything under it)
[0.591s] Copying build/track/track.egg-info to /home/ros_dev/workspace/track/install/track/lib/python3.10/site-packages/track-0.0.0-py3.10.egg-info
[0.592s] running install_scripts
[0.607s] Installing bytetrack script to /home/ros_dev/workspace/track/install/track/lib/track
[0.607s] Installing test = track.test:maintrack_point_sub = track.track_point_sub:maintrans_depth script to /home/ros_dev/workspace/track/install/track/lib/track
[0.607s] writing list of installed files to '/home/ros_dev/workspace/track/build/track/install.log'
[0.626s] Invoked command in '/home/ros_dev/workspace/track' returned '0': PYTHONPATH=/home/ros_dev/workspace/track/build/track/prefix_override:/usr/lib/python3/dist-packages/colcon_core/task/python/colcon_distutils_commands:/home/ros_dev/workspace/track/install/track/lib/python3.10/site-packages:${PYTHONPATH} /usr/bin/python3 -W ignore:setup.py install is deprecated setup.py egg_info --egg-base build/track build --build-base /home/ros_dev/workspace/track/build/track/build install --record /home/ros_dev/workspace/track/build/track/install.log --single-version-externally-managed install_data
