[0.404s] Invoking command in '/home/ros_dev/workspace/track': PYTHONPATH=/home/ros_dev/workspace/track/build/track/prefix_override:/usr/lib/python3/dist-packages/colcon_core/task/python/colcon_distutils_commands:/home/ros_dev/workspace/track/install/track/lib/python3.10/site-packages:${PYTHONPATH} /usr/bin/python3 -W ignore:setup.py install is deprecated setup.py egg_info --egg-base build/track build --build-base /home/ros_dev/workspace/track/build/track/build install --record /home/ros_dev/workspace/track/build/track/install.log --single-version-externally-managed install_data
[0.548s] /home/ros_dev/.local/lib/python3.10/site-packages/setuptools_scm/_integration/setuptools.py:31: RuntimeWarning: 
[0.548s] ERROR: setuptools==59.6.0 is used in combination with setuptools_scm>=8.x
[0.548s] 
[0.548s] Your build configuration is incomplete and previously worked by accident!
[0.548s] setuptools_scm requires setuptools>=61
[0.548s] 
[0.548s] Suggested workaround if applicable:
[0.548s]  - migrating from the deprecated setup_requires mechanism to pep517/518
[0.548s]    and using a pyproject.toml to declare build dependencies
[0.548s]    which are reliably pre-installed before running the build tools
[0.548s] 
[0.548s]   warnings.warn(
[0.559s] running egg_info
[0.559s] writing build/track/track.egg-info/PKG-INFO
[0.559s] writing dependency_links to build/track/track.egg-info/dependency_links.txt
[0.559s] writing entry points to build/track/track.egg-info/entry_points.txt
[0.559s] writing requirements to build/track/track.egg-info/requires.txt
[0.560s] writing top-level names to build/track/track.egg-info/top_level.txt
[0.972s] writing manifest file 'build/track/track.egg-info/SOURCES.txt'
[0.972s] running build
[0.972s] running build_py
[0.972s] copying track/test.py -> /home/ros_dev/workspace/track/build/track/build/lib/track
[0.973s] running install
[0.973s] running install_lib
[0.973s] copying /home/ros_dev/workspace/track/build/track/build/lib/track/test.py -> /home/ros_dev/workspace/track/install/track/lib/python3.10/site-packages/track
[0.974s] byte-compiling /home/ros_dev/workspace/track/install/track/lib/python3.10/site-packages/track/test.py to test.cpython-310.pyc
[0.975s] running install_data
[0.975s] running install_egg_info
[0.975s] removing '/home/ros_dev/workspace/track/install/track/lib/python3.10/site-packages/track-0.0.0-py3.10.egg-info' (and everything under it)
[0.975s] Copying build/track/track.egg-info to /home/ros_dev/workspace/track/install/track/lib/python3.10/site-packages/track-0.0.0-py3.10.egg-info
[0.976s] running install_scripts
[0.988s] Installing bytetrack script to /home/ros_dev/workspace/track/install/track/lib/track
[0.988s] Installing track_point_sub script to /home/ros_dev/workspace/track/install/track/lib/track
[0.988s] writing list of installed files to '/home/ros_dev/workspace/track/build/track/install.log'
[1.005s] Invoked command in '/home/ros_dev/workspace/track' returned '0': PYTHONPATH=/home/ros_dev/workspace/track/build/track/prefix_override:/usr/lib/python3/dist-packages/colcon_core/task/python/colcon_distutils_commands:/home/ros_dev/workspace/track/install/track/lib/python3.10/site-packages:${PYTHONPATH} /usr/bin/python3 -W ignore:setup.py install is deprecated setup.py egg_info --egg-base build/track build --build-base /home/ros_dev/workspace/track/build/track/build install --record /home/ros_dev/workspace/track/build/track/install.log --single-version-externally-managed install_data
