[0.401s] Invoking command in '/home/ros_dev/workspace/track': PYTHONPATH=/home/ros_dev/workspace/track/build/track/prefix_override:/usr/lib/python3/dist-packages/colcon_core/task/python/colcon_distutils_commands:/home/ros_dev/workspace/track/install/track/lib/python3.10/site-packages:${PYTHONPATH} /usr/bin/python3 -W ignore:setup.py install is deprecated setup.py egg_info --egg-base build/track build --build-base /home/ros_dev/workspace/track/build/track/build install --record /home/ros_dev/workspace/track/build/track/install.log --single-version-externally-managed install_data
[0.555s] /home/ros_dev/.local/lib/python3.10/site-packages/setuptools_scm/_integration/setuptools.py:31: RuntimeWarning: 
[0.555s] ERROR: setuptools==59.6.0 is used in combination with setuptools_scm>=8.x
[0.555s] 
[0.555s] Your build configuration is incomplete and previously worked by accident!
[0.555s] setuptools_scm requires setuptools>=61
[0.555s] 
[0.555s] Suggested workaround if applicable:
[0.555s]  - migrating from the deprecated setup_requires mechanism to pep517/518
[0.555s]    and using a pyproject.toml to declare build dependencies
[0.555s]    which are reliably pre-installed before running the build tools
[0.555s] 
[0.555s]   warnings.warn(
[0.566s] running egg_info
[0.567s] writing build/track/track.egg-info/PKG-INFO
[0.567s] writing dependency_links to build/track/track.egg-info/dependency_links.txt
[0.567s] writing entry points to build/track/track.egg-info/entry_points.txt
[0.567s] writing requirements to build/track/track.egg-info/requires.txt
[0.567s] writing top-level names to build/track/track.egg-info/top_level.txt
[0.979s] writing manifest file 'build/track/track.egg-info/SOURCES.txt'
[0.979s] running build
[0.979s] running build_py
[0.980s] running install
[0.980s] running install_lib
[0.981s] running install_data
[0.981s] running install_egg_info
[0.982s] removing '/home/ros_dev/workspace/track/install/track/lib/python3.10/site-packages/track-0.0.0-py3.10.egg-info' (and everything under it)
[0.982s] Copying build/track/track.egg-info to /home/ros_dev/workspace/track/install/track/lib/python3.10/site-packages/track-0.0.0-py3.10.egg-info
[0.983s] running install_scripts
[0.995s] Installing bytetrack script to /home/ros_dev/workspace/track/install/track/lib/track
[0.995s] Installing test = track.test:maintrack_point_sub script to /home/ros_dev/workspace/track/install/track/lib/track
[0.995s] writing list of installed files to '/home/ros_dev/workspace/track/build/track/install.log'
[1.012s] Invoked command in '/home/ros_dev/workspace/track' returned '0': PYTHONPATH=/home/ros_dev/workspace/track/build/track/prefix_override:/usr/lib/python3/dist-packages/colcon_core/task/python/colcon_distutils_commands:/home/ros_dev/workspace/track/install/track/lib/python3.10/site-packages:${PYTHONPATH} /usr/bin/python3 -W ignore:setup.py install is deprecated setup.py egg_info --egg-base build/track build --build-base /home/ros_dev/workspace/track/build/track/build install --record /home/ros_dev/workspace/track/build/track/install.log --single-version-externally-managed install_data
