[0.529s] Invoking command in '/home/ros_dev/workspace/track': PYTHONPATH=/home/ros_dev/workspace/track/build/track/prefix_override:/usr/lib/python3/dist-packages/colcon_core/task/python/colcon_distutils_commands:/home/ros_dev/workspace/track/install/track/lib/python3.10/site-packages:${PYTHONPATH} /usr/bin/python3 -W ignore:setup.py install is deprecated setup.py egg_info --egg-base build/track build --build-base /home/ros_dev/workspace/track/build/track/build install --record /home/ros_dev/workspace/track/build/track/install.log --single-version-externally-managed install_data
[0.679s] /home/ros_dev/.local/lib/python3.10/site-packages/setuptools_scm/_integration/setuptools.py:31: RuntimeWarning: 
[0.679s] ERROR: setuptools==59.6.0 is used in combination with setuptools_scm>=8.x
[0.679s] 
[0.679s] Your build configuration is incomplete and previously worked by accident!
[0.679s] setuptools_scm requires setuptools>=61
[0.679s] 
[0.679s] Suggested workaround if applicable:
[0.679s]  - migrating from the deprecated setup_requires mechanism to pep517/518
[0.679s]    and using a pyproject.toml to declare build dependencies
[0.679s]    which are reliably pre-installed before running the build tools
[0.679s] 
[0.679s]   warnings.warn(
[0.692s] running egg_info
[0.692s] writing build/track/track.egg-info/PKG-INFO
[0.692s] writing dependency_links to build/track/track.egg-info/dependency_links.txt
[0.692s] writing entry points to build/track/track.egg-info/entry_points.txt
[0.692s] writing requirements to build/track/track.egg-info/requires.txt
[0.692s] writing top-level names to build/track/track.egg-info/top_level.txt
[1.221s] writing manifest file 'build/track/track.egg-info/SOURCES.txt'
[1.222s] running build
[1.222s] running build_py
[1.222s] copying track/bytetrack.py -> /home/ros_dev/workspace/track/build/track/build/lib/track
[1.222s] running install
[1.222s] running install_lib
[1.223s] copying /home/ros_dev/workspace/track/build/track/build/lib/track/bytetrack.py -> /home/ros_dev/workspace/track/install/track/lib/python3.10/site-packages/track
[1.224s] byte-compiling /home/ros_dev/workspace/track/install/track/lib/python3.10/site-packages/track/bytetrack.py to bytetrack.cpython-310.pyc
[1.226s] running install_data
[1.226s] running install_egg_info
[1.226s] removing '/home/ros_dev/workspace/track/install/track/lib/python3.10/site-packages/track-0.0.0-py3.10.egg-info' (and everything under it)
[1.226s] Copying build/track/track.egg-info to /home/ros_dev/workspace/track/install/track/lib/python3.10/site-packages/track-0.0.0-py3.10.egg-info
[1.227s] running install_scripts
[1.241s] Installing bytetrack script to /home/ros_dev/workspace/track/install/track/lib/track
[1.241s] Installing test = track.test:maintrack_point_sub script to /home/ros_dev/workspace/track/install/track/lib/track
[1.241s] writing list of installed files to '/home/ros_dev/workspace/track/build/track/install.log'
[1.259s] Invoked command in '/home/ros_dev/workspace/track' returned '0': PYTHONPATH=/home/ros_dev/workspace/track/build/track/prefix_override:/usr/lib/python3/dist-packages/colcon_core/task/python/colcon_distutils_commands:/home/ros_dev/workspace/track/install/track/lib/python3.10/site-packages:${PYTHONPATH} /usr/bin/python3 -W ignore:setup.py install is deprecated setup.py egg_info --egg-base build/track build --build-base /home/ros_dev/workspace/track/build/track/build install --record /home/ros_dev/workspace/track/build/track/install.log --single-version-externally-managed install_data
