/home/ros_dev/workspace/track/install/track/lib/python3.10/site-packages/track/track_point_sub.py
/home/ros_dev/workspace/track/install/track/lib/python3.10/site-packages/track/matching.py
/home/ros_dev/workspace/track/install/track/lib/python3.10/site-packages/track/byte_tracker.py
/home/ros_dev/workspace/track/install/track/lib/python3.10/site-packages/track/kalman_filter.py
/home/ros_dev/workspace/track/install/track/lib/python3.10/site-packages/track/basetrack.py
/home/ros_dev/workspace/track/install/track/lib/python3.10/site-packages/track/test.py
/home/ros_dev/workspace/track/install/track/lib/python3.10/site-packages/track/recognize.py
/home/ros_dev/workspace/track/install/track/lib/python3.10/site-packages/track/track.py
/home/ros_dev/workspace/track/install/track/lib/python3.10/site-packages/track/bytetrack.py
/home/ros_dev/workspace/track/install/track/lib/python3.10/site-packages/track/__init__.py
/home/ros_dev/workspace/track/install/track/lib/python3.10/site-packages/track/detect.py
/home/ros_dev/workspace/track/install/track/lib/python3.10/site-packages/track/__pycache__/track_point_sub.cpython-310.pyc
/home/ros_dev/workspace/track/install/track/lib/python3.10/site-packages/track/__pycache__/matching.cpython-310.pyc
/home/ros_dev/workspace/track/install/track/lib/python3.10/site-packages/track/__pycache__/byte_tracker.cpython-310.pyc
/home/ros_dev/workspace/track/install/track/lib/python3.10/site-packages/track/__pycache__/kalman_filter.cpython-310.pyc
/home/ros_dev/workspace/track/install/track/lib/python3.10/site-packages/track/__pycache__/basetrack.cpython-310.pyc
/home/ros_dev/workspace/track/install/track/lib/python3.10/site-packages/track/__pycache__/test.cpython-310.pyc
/home/ros_dev/workspace/track/install/track/lib/python3.10/site-packages/track/__pycache__/recognize.cpython-310.pyc
/home/ros_dev/workspace/track/install/track/lib/python3.10/site-packages/track/__pycache__/track.cpython-310.pyc
/home/ros_dev/workspace/track/install/track/lib/python3.10/site-packages/track/__pycache__/bytetrack.cpython-310.pyc
/home/ros_dev/workspace/track/install/track/lib/python3.10/site-packages/track/__pycache__/__init__.cpython-310.pyc
/home/ros_dev/workspace/track/install/track/lib/python3.10/site-packages/track/__pycache__/detect.cpython-310.pyc
/home/ros_dev/workspace/track/install/track/share/ament_index/resource_index/packages/track
/home/ros_dev/workspace/track/install/track/share/track/package.xml
/home/ros_dev/workspace/track/install/track/lib/python3.10/site-packages/track-0.0.0-py3.10.egg-info/requires.txt
/home/ros_dev/workspace/track/install/track/lib/python3.10/site-packages/track-0.0.0-py3.10.egg-info/entry_points.txt
/home/ros_dev/workspace/track/install/track/lib/python3.10/site-packages/track-0.0.0-py3.10.egg-info/SOURCES.txt
/home/ros_dev/workspace/track/install/track/lib/python3.10/site-packages/track-0.0.0-py3.10.egg-info/zip-safe
/home/ros_dev/workspace/track/install/track/lib/python3.10/site-packages/track-0.0.0-py3.10.egg-info/dependency_links.txt
/home/ros_dev/workspace/track/install/track/lib/python3.10/site-packages/track-0.0.0-py3.10.egg-info/PKG-INFO
/home/ros_dev/workspace/track/install/track/lib/python3.10/site-packages/track-0.0.0-py3.10.egg-info/top_level.txt
/home/ros_dev/workspace/track/install/track/lib/track/bytetrack
/home/ros_dev/workspace/track/install/track/lib/track/test = track.test:maintrack_point_sub
