[0.588s] Invoking command in '/home/ros_dev/workspace/track': PYTHONPATH=/home/ros_dev/workspace/track/build/track/prefix_override:/usr/lib/python3/dist-packages/colcon_core/task/python/colcon_distutils_commands:/home/ros_dev/workspace/track/install/track/lib/python3.10/site-packages:${PYTHONPATH} /usr/bin/python3 -W ignore:setup.py install is deprecated setup.py egg_info --egg-base build/track build --build-base /home/ros_dev/workspace/track/build/track/build install --record /home/ros_dev/workspace/track/build/track/install.log --single-version-externally-managed install_data
[0.789s] running egg_info
[0.789s] writing build/track/track.egg-info/PKG-INFO
[0.790s] writing dependency_links to build/track/track.egg-info/dependency_links.txt
[0.790s] writing entry points to build/track/track.egg-info/entry_points.txt
[0.790s] writing requirements to build/track/track.egg-info/requires.txt
[0.790s] writing top-level names to build/track/track.egg-info/top_level.txt
[0.792s] reading manifest file 'build/track/track.egg-info/SOURCES.txt'
[0.794s] writing manifest file 'build/track/track.egg-info/SOURCES.txt'
[0.794s] running build
[0.794s] running build_py
[0.795s] running install
[0.795s] running install_lib
[0.797s] running install_data
[0.797s] running install_egg_info
[0.798s] removing '/home/ros_dev/workspace/track/install/track/lib/python3.10/site-packages/track-0.0.0-py3.10.egg-info' (and everything under it)
[0.798s] Copying build/track/track.egg-info to /home/ros_dev/workspace/track/install/track/lib/python3.10/site-packages/track-0.0.0-py3.10.egg-info
[0.800s] running install_scripts
[0.822s] Installing bytetrack script to /home/ros_dev/workspace/track/install/track/lib/track
[0.822s] Installing test script to /home/ros_dev/workspace/track/install/track/lib/track
[0.822s] Installing track_point_sub script to /home/ros_dev/workspace/track/install/track/lib/track
[0.822s] Installing trans_depth script to /home/ros_dev/workspace/track/install/track/lib/track
[0.822s] writing list of installed files to '/home/ros_dev/workspace/track/build/track/install.log'
[0.851s] Invoked command in '/home/ros_dev/workspace/track' returned '0': PYTHONPATH=/home/ros_dev/workspace/track/build/track/prefix_override:/usr/lib/python3/dist-packages/colcon_core/task/python/colcon_distutils_commands:/home/ros_dev/workspace/track/install/track/lib/python3.10/site-packages:${PYTHONPATH} /usr/bin/python3 -W ignore:setup.py install is deprecated setup.py egg_info --egg-base build/track build --build-base /home/ros_dev/workspace/track/build/track/build install --record /home/ros_dev/workspace/track/build/track/install.log --single-version-externally-managed install_data
