[0.598s] Invoking command in '/home/ros_dev/workspace/track': PYTHONPATH=/home/ros_dev/workspace/track/build/track/prefix_override:/usr/lib/python3/dist-packages/colcon_core/task/python/colcon_distutils_commands:/home/ros_dev/workspace/track/install/track/lib/python3.10/site-packages:${PYTHONPATH} /usr/bin/python3 -W ignore:setup.py install is deprecated setup.py egg_info --egg-base build/track build --build-base /home/ros_dev/workspace/track/build/track/build install --record /home/ros_dev/workspace/track/build/track/install.log --single-version-externally-managed install_data
[0.783s] /home/ros_dev/.local/lib/python3.10/site-packages/setuptools_scm/_integration/setuptools.py:31: RuntimeWarning: 
[0.783s] ERROR: setuptools==59.6.0 is used in combination with setuptools_scm>=8.x
[0.783s] 
[0.783s] Your build configuration is incomplete and previously worked by accident!
[0.783s] setuptools_scm requires setuptools>=61
[0.783s] 
[0.783s] Suggested workaround if applicable:
[0.784s]  - migrating from the deprecated setup_requires mechanism to pep517/518
[0.784s]    and using a pyproject.toml to declare build dependencies
[0.784s]    which are reliably pre-installed before running the build tools
[0.784s] 
[0.784s]   warnings.warn(
[0.799s] running egg_info
[0.800s] writing build/track/track.egg-info/PKG-INFO
[0.800s] writing dependency_links to build/track/track.egg-info/dependency_links.txt
[0.800s] writing entry points to build/track/track.egg-info/entry_points.txt
[0.800s] writing requirements to build/track/track.egg-info/requires.txt
[0.800s] writing top-level names to build/track/track.egg-info/top_level.txt
[1.414s] writing manifest file 'build/track/track.egg-info/SOURCES.txt'
[1.415s] running build
[1.415s] running build_py
[1.415s] running install
[1.415s] running install_lib
[1.417s] running install_data
[1.417s] running install_egg_info
[1.418s] removing '/home/ros_dev/workspace/track/install/track/lib/python3.10/site-packages/track-0.0.0-py3.10.egg-info' (and everything under it)
[1.418s] Copying build/track/track.egg-info to /home/ros_dev/workspace/track/install/track/lib/python3.10/site-packages/track-0.0.0-py3.10.egg-info
[1.419s] running install_scripts
[1.436s] Installing bytetrack script to /home/ros_dev/workspace/track/install/track/lib/track
[1.436s] Installing test = track.test:maintrack_point_sub script to /home/ros_dev/workspace/track/install/track/lib/track
[1.436s] writing list of installed files to '/home/ros_dev/workspace/track/build/track/install.log'
[1.457s] Invoked command in '/home/ros_dev/workspace/track' returned '0': PYTHONPATH=/home/ros_dev/workspace/track/build/track/prefix_override:/usr/lib/python3/dist-packages/colcon_core/task/python/colcon_distutils_commands:/home/ros_dev/workspace/track/install/track/lib/python3.10/site-packages:${PYTHONPATH} /usr/bin/python3 -W ignore:setup.py install is deprecated setup.py egg_info --egg-base build/track build --build-base /home/ros_dev/workspace/track/build/track/build install --record /home/ros_dev/workspace/track/build/track/install.log --single-version-externally-managed install_data
