[0.444s] Invoking command in '/home/ros_dev/workspace/track': PYTHONPATH=/home/ros_dev/workspace/track/build/track/prefix_override:/usr/lib/python3/dist-packages/colcon_core/task/python/colcon_distutils_commands:/home/ros_dev/workspace/track/install/track/lib/python3.10/site-packages:${PYTHONPATH} /usr/bin/python3 -W ignore:setup.py install is deprecated setup.py egg_info --egg-base build/track build --build-base /home/ros_dev/workspace/track/build/track/build install --record /home/ros_dev/workspace/track/build/track/install.log --single-version-externally-managed install_data
[0.602s] running egg_info
[0.602s] writing build/track/track.egg-info/PKG-INFO
[0.603s] writing dependency_links to build/track/track.egg-info/dependency_links.txt
[0.603s] writing entry points to build/track/track.egg-info/entry_points.txt
[0.603s] writing requirements to build/track/track.egg-info/requires.txt
[0.603s] writing top-level names to build/track/track.egg-info/top_level.txt
[0.604s] reading manifest file 'build/track/track.egg-info/SOURCES.txt'
[0.606s] writing manifest file 'build/track/track.egg-info/SOURCES.txt'
[0.606s] running build
[0.606s] running build_py
[0.607s] copying track/bytetrack.py -> /home/ros_dev/workspace/track/build/track/build/lib/track
[0.607s] running install
[0.607s] running install_lib
[0.608s] copying /home/ros_dev/workspace/track/build/track/build/lib/track/bytetrack.py -> /home/ros_dev/workspace/track/install/track/lib/python3.10/site-packages/track
[0.608s] byte-compiling /home/ros_dev/workspace/track/install/track/lib/python3.10/site-packages/track/bytetrack.py to bytetrack.cpython-310.pyc
[0.610s] running install_data
[0.610s] running install_egg_info
[0.612s] removing '/home/ros_dev/workspace/track/install/track/lib/python3.10/site-packages/track-0.0.0-py3.10.egg-info' (and everything under it)
[0.612s] Copying build/track/track.egg-info to /home/ros_dev/workspace/track/install/track/lib/python3.10/site-packages/track-0.0.0-py3.10.egg-info
[0.613s] running install_scripts
[0.628s] Installing bytetrack script to /home/ros_dev/workspace/track/install/track/lib/track
[0.628s] Installing test = track.test:maintrack_point_sub script to /home/ros_dev/workspace/track/install/track/lib/track
[0.629s] writing list of installed files to '/home/ros_dev/workspace/track/build/track/install.log'
[0.653s] Invoked command in '/home/ros_dev/workspace/track' returned '0': PYTHONPATH=/home/ros_dev/workspace/track/build/track/prefix_override:/usr/lib/python3/dist-packages/colcon_core/task/python/colcon_distutils_commands:/home/ros_dev/workspace/track/install/track/lib/python3.10/site-packages:${PYTHONPATH} /usr/bin/python3 -W ignore:setup.py install is deprecated setup.py egg_info --egg-base build/track build --build-base /home/ros_dev/workspace/track/build/track/build install --record /home/ros_dev/workspace/track/build/track/install.log --single-version-externally-managed install_data
